#
# A fatal error has been detected by the Java Runtime Environment:
#
#  EXCEPTION_ACCESS_VIOLATION (0xc0000005) at pc=0x000000006dabfda1, pid=2592, tid=4772
#
# JRE version: 6.0_22-b04
# Java VM: Java HotSpot(TM) 64-Bit Server VM (17.1-b03 mixed mode windows-amd64 )
# Problematic frame:
# V  [jvm.dll+0x22fda1]
#
# If you would like to submit a bug report, please visit:
#   http://java.sun.com/webapps/bugreport/crash.jsp
#

---------------  T H R E A D  ---------------

Current thread (0x000000004b518800):  JavaThread "Java2D Disposer" daemon [_thread_in_vm, id=4772, stack(0x000000004bc60000,0x000000004bd60000)]

siginfo: ExceptionCode=0xc0000005, reading address 0x0000000000000011

Registers:
EAX=0x000000004bd5f378, EBX=0x000000004ae70bb8, ECX=0x0000000000000000, EDX=0x000000004b518800
ESP=0x000000004bd5f2d0, EBP=0x0000000000000000, ESI=0x000000004ad37010, EDI=0x000000004bd5f550
EIP=0x000000006dabfda1, EFLAGS=0x0000000000010203

Top of Stack: (sp=0x000000004bd5f2d0)
0x000000004bd5f2d0:   000000004b518800 000000006dcda3f8
0x000000004bd5f2e0:   0000000000000000 0000000000000005
0x000000004bd5f2f0:   0000000034ebf990 000000006d8f2cce
0x000000004bd5f300:   000000004ad37010 000000000052bc60
0x000000004bd5f310:   000000000052bc70 000000000052c048
0x000000004bd5f320:   000000004bd5f360 000000004ae70ba8
0x000000004bd5f330:   0000000005537c68 000000006dcda36c
0x000000004bd5f340:   0000000000000021 000000000000000c
0x000000004bd5f350:   000000004ae70bc8 000000004bd5f550
0x000000004bd5f360:   000000004b5189c8 000000006dcda678
0x000000004bd5f370:   0000000000000004 000000004ae70bb0
0x000000004bd5f380:   000000004bd5f428 000000006dc45d19
0x000000004bd5f390:   000000004bd5f428 000000006da060f1
0x000000004bd5f3a0:   000000004ae70b00 000000004ae70bc0
0x000000004bd5f3b0:   000000004bd5f428 000000004ae70ba8
0x000000004bd5f3c0:   0000000000239b90 000000006daa531a 

Instructions: (pc=0x000000006dabfda1)
0x000000006dabfd91:   00 00 4c 89 2c c8 ff 84 24 98 01 00 00 4c 8b 03
0x000000006dabfda1:   49 8b 40 10 4d 8b 40 18 0f b7 48 42 4d 8b 44 c8 


Stack: [0x000000004bc60000,0x000000004bd60000],  sp=0x000000004bd5f2d0,  free space=3fc0000000000000000k
Native frames: (J=compiled Java code, j=interpreted, Vv=VM code, C=native code)
V  [jvm.dll+0x22fda1]

[error occurred during error reporting (printing native stack), id 0xc0000005]

Java frames: (J=compiled Java code, j=interpreted, Vv=VM code)
j  java.awt.Cursor.finalizeImpl(J)V+0
j  java.awt.Cursor.access$000(J)V+1
j  java.awt.Cursor$CursorDisposer.dispose()V+13
j  sun.java2d.Disposer.run()V+26
j  java.lang.Thread.run()V+11
v  ~StubRoutines::call_stub

---------------  P R O C E S S  ---------------

Java Threads: ( => current thread )
  0x000000004b787000 JavaThread "Image Fetcher 2" daemon [_thread_blocked, id=4956, stack(0x000000004c160000,0x000000004c260000)]
  0x000000004b783800 JavaThread "Image Fetcher 0" daemon [_thread_blocked, id=4996, stack(0x000000004c060000,0x000000004c160000)]
  0x000000004b782800 JavaThread "Image Fetcher 1" daemon [_thread_blocked, id=2224, stack(0x000000004bf60000,0x000000004c060000)]
  0x000000000023c000 JavaThread "DestroyJavaVM" [_thread_blocked, id=3776, stack(0x0000000002370000,0x0000000002470000)]
  0x000000004b707800 JavaThread "Image Fetcher 3" daemon [_thread_blocked, id=1136, stack(0x000000004fbf0000,0x000000004fcf0000)]
  0x000000004b573800 JavaThread "AWT-EventQueue-0" [_thread_blocked, id=1324, stack(0x000000004ee60000,0x000000004ef60000)]
  0x000000004b572800 JavaThread "Timer-0" [_thread_blocked, id=1248, stack(0x000000004ed60000,0x000000004ee60000)]
  0x000000004aeaa000 JavaThread "AWT-Shutdown" [_thread_blocked, id=2248, stack(0x000000004bd60000,0x000000004be60000)]
=>0x000000004b518800 JavaThread "Java2D Disposer" daemon [_thread_in_vm, id=4772, stack(0x000000004bc60000,0x000000004bd60000)]
  0x000000004ad3b800 JavaThread "Low Memory Detector" daemon [_thread_blocked, id=3412, stack(0x000000004b2f0000,0x000000004b3f0000)]
  0x000000004ad38800 JavaThread "CompilerThread1" daemon [_thread_blocked, id=4564, stack(0x000000004b1f0000,0x000000004b2f0000)]
  0x000000000052d000 JavaThread "CompilerThread0" daemon [_thread_blocked, id=776, stack(0x000000004b0f0000,0x000000004b1f0000)]
  0x0000000000527800 JavaThread "Attach Listener" daemon [_thread_blocked, id=1504, stack(0x000000004aff0000,0x000000004b0f0000)]
  0x000000004ad30800 JavaThread "Signal Dispatcher" daemon [_thread_blocked, id=4216, stack(0x000000004aef0000,0x000000004aff0000)]
  0x000000000050d800 JavaThread "Finalizer" daemon [_thread_blocked, id=2768, stack(0x000000004abf0000,0x000000004acf0000)]
  0x0000000000504800 JavaThread "Reference Handler" daemon [_thread_blocked, id=2512, stack(0x000000004aaf0000,0x000000004abf0000)]

Other Threads:
  0x0000000000500800 VMThread [stack: 0x000000004a9f0000,0x000000004aaf0000] [id=1900]
  0x000000004ad4e800 WatcherThread [stack: 0x000000004b3f0000,0x000000004b4f0000] [id=4532]

VM state:not at safepoint (normal execution)

VM Mutex/Monitor currently owned by a thread: None

Heap
 PSYoungGen      total 18944K, used 3028K [0x0000000034e90000, 0x00000000363b0000, 0x000000004a130000)
  eden space 16256K, 2% used [0x0000000034e90000,0x0000000034ee91e0,0x0000000035e70000)
  from space 2688K, 99% used [0x0000000035e70000,0x000000003610c030,0x0000000036110000)
  to   space 2688K, 0% used [0x0000000036110000,0x0000000036110000,0x00000000363b0000)
 PSOldGen        total 43392K, used 416K [0x000000000a930000, 0x000000000d390000, 0x0000000034e90000)
  object space 43392K, 0% used [0x000000000a930000,0x000000000a998000,0x000000000d390000)
 PSPermGen       total 21248K, used 21122K [0x0000000005530000, 0x00000000069f0000, 0x000000000a930000)
  object space 21248K, 99% used [0x0000000005530000,0x00000000069d0968,0x00000000069f0000)

Dynamic libraries:
0x0000000000400000 - 0x000000000042e000 	C:\Program Files\Java\jdk\bin\java.exe
0x00000000776f0000 - 0x0000000077899000 	C:\Windows\SYSTEM32\ntdll.dll
0x00000000774d0000 - 0x00000000775ef000 	C:\Windows\system32\kernel32.dll
0x000007fefd920000 - 0x000007fefd98b000 	C:\Windows\system32\KERNELBASE.dll
0x000007feff1e0000 - 0x000007feff2bb000 	C:\Windows\system32\ADVAPI32.dll
0x000007fefda10000 - 0x000007fefdaaf000 	C:\Windows\system32\msvcrt.dll
0x000007fefecf0000 - 0x000007fefed0f000 	C:\Windows\SYSTEM32\sechost.dll
0x000007feff420000 - 0x000007feff54d000 	C:\Windows\system32\RPCRT4.dll
0x000000006d890000 - 0x000000006df61000 	C:\Program Files\Java\jdk\jre\bin\server\jvm.dll
0x00000000775f0000 - 0x00000000776ea000 	C:\Windows\system32\USER32.dll
0x000007fefee80000 - 0x000007fefeee7000 	C:\Windows\system32\GDI32.dll
0x000007fefec40000 - 0x000007fefec4e000 	C:\Windows\system32\LPK.dll
0x000007fefeef0000 - 0x000007fefefb9000 	C:\Windows\system32\USP10.dll
0x000007fefb790000 - 0x000007fefb7cb000 	C:\Windows\system32\WINMM.dll
0x000007fefdbe0000 - 0x000007fefdc0e000 	C:\Windows\system32\IMM32.DLL
0x000007fefed70000 - 0x000007fefee79000 	C:\Windows\system32\MSCTF.dll
0x000000006d800000 - 0x000000006d80e000 	C:\Program Files\Java\jdk\jre\bin\verify.dll
0x000000006d450000 - 0x000000006d477000 	C:\Program Files\Java\jdk\jre\bin\java.dll
0x000000006d3b0000 - 0x000000006d3ba000 	C:\Program Files\Java\jdk\jre\bin\hpi.dll
0x00000000778b0000 - 0x00000000778b7000 	C:\Windows\system32\PSAPI.DLL
0x000000006d850000 - 0x000000006d862000 	C:\Program Files\Java\jdk\jre\bin\zip.dll
0x000000006d0a0000 - 0x000000006d263000 	C:\Program Files\Java\jdk\jre\bin\awt.dll
0x000007fefa2f0000 - 0x000007fefa361000 	C:\Windows\system32\WINSPOOL.DRV
0x000007fefefd0000 - 0x000007feff1d3000 	C:\Windows\system32\ole32.dll
0x000007fefdc10000 - 0x000007fefe998000 	C:\Windows\system32\SHELL32.dll
0x000007feff3a0000 - 0x000007feff411000 	C:\Windows\system32\SHLWAPI.dll
0x000007fefc070000 - 0x000007fefc264000 	C:\Windows\WinSxS\amd64_microsoft.windows.common-controls_6595b64144ccf1df_6.0.7601.17514_none_fa396087175ac9ac\COMCTL32.dll
0x000007fefb950000 - 0x000007fefb968000 	C:\Windows\system32\DWMAPI.DLL
0x000007fefbe90000 - 0x000007fefbee6000 	C:\Windows\system32\uxtheme.dll
0x000007fefd570000 - 0x000007fefd57f000 	C:\Windows\system32\CRYPTBASE.dll
0x000000006d340000 - 0x000000006d3a6000 	C:\Program Files\Java\jdk\jre\bin\fontmanager.dll
0x000007fefc700000 - 0x000007fefc70c000 	C:\Windows\system32\VERSION.dll
0x0000000074f30000 - 0x0000000074fc8000 	C:\Windows\system32\aticfx64.dll
0x000007fef5660000 - 0x000007fef566d000 	C:\Windows\system32\atiu9p64.dll
0x0000000058770000 - 0x0000000058c67000 	C:\Windows\system32\atiumd64.dll
0x0000000058e60000 - 0x0000000059169000 	C:\Windows\system32\atiumd6a.dll
0x000000004b9f0000 - 0x000000004ba55000 	C:\Program Files\WIDCOMM\Bluetooth Software\btmmhook.dll
0x000007feff2c0000 - 0x000007feff397000 	C:\Windows\system32\OLEAUT32.dll
0x000007fefeb20000 - 0x000007fefebb9000 	C:\Windows\system32\CLBCatQ.DLL
0x000000006d6a0000 - 0x000000006d6b7000 	C:\Program Files\Java\jdk\jre\bin\net.dll
0x000007feff750000 - 0x000007feff79d000 	C:\Windows\system32\WS2_32.dll
0x000007fefefc0000 - 0x000007fefefc8000 	C:\Windows\system32\NSI.dll
0x000007fefceb0000 - 0x000007fefcf05000 	C:\Windows\system32\mswsock.dll
0x000007fefcea0000 - 0x000007fefcea7000 	C:\Windows\System32\wship6.dll
0x000000006d6c0000 - 0x000000006d6cb000 	C:\Program Files\Java\jdk\jre\bin\nio.dll
0x000007fefcf10000 - 0x000007fefcf27000 	C:\Windows\system32\CRYPTSP.dll
0x000007fefcc10000 - 0x000007fefcc57000 	C:\Windows\system32\rsaenh.dll
0x000007fefc940000 - 0x000007fefc95e000 	C:\Windows\system32\USERENV.dll
0x000007fefd640000 - 0x000007fefd64f000 	C:\Windows\system32\profapi.dll
0x000007fefb5b0000 - 0x000007fefb5c5000 	C:\Windows\system32\NLAapi.dll
0x000007fef4a70000 - 0x000007fef4a85000 	C:\Windows\system32\napinsp.dll
0x000007fef4a30000 - 0x000007fef4a49000 	C:\Windows\system32\pnrpnsp.dll
0x000007fef60e0000 - 0x000007fef610e000 	C:\Program Files\Common Files\Microsoft Shared\Windows Live\WLIDNSP.DLL
0x000007fef28e0000 - 0x000007fef28f0000 	C:\Windows\system32\wshbth.dll
0x000007fefcd30000 - 0x000007fefcd8b000 	C:\Windows\system32\DNSAPI.dll
0x000007fefb280000 - 0x000007fefb28b000 	C:\Windows\System32\winrnr.dll
0x000007fefc820000 - 0x000007fefc827000 	C:\Windows\System32\wshtcpip.dll
0x000007fefb130000 - 0x000007fefb157000 	C:\Windows\system32\IPHLPAPI.DLL
0x000007fefb120000 - 0x000007fefb12b000 	C:\Windows\system32\WINNSI.DLL
0x000007fef6270000 - 0x000007fef6278000 	C:\Windows\system32\rasadhlp.dll
0x000007fefafb0000 - 0x000007fefb003000 	C:\Windows\System32\fwpuclnt.dll
0x000000006d2b0000 - 0x000000006d2d8000 	C:\Program Files\Java\jdk\jre\bin\dcpr.dll
0x000007fefd580000 - 0x000007fefd594000 	C:\Windows\system32\RpcRtRemote.dll

VM Arguments:
jvm_args: -Dfile.encoding=UTF-8 
java_command: at.fhv.teamc.easydiet.controller.Main
Launcher Type: SUN_STANDARD

Environment Variables:
PATH=C:\Program Files\Common Files\Microsoft Shared\Windows Live;C:\Program Files (x86)\Common Files\Microsoft Shared\Windows Live;C:\Windows\system32;C:\Windows;C:\Windows\System32\Wbem;C:\Windows\System32\WindowsPowerShell\v1.0\;C:\Program Files (x86)\ATI Technologies\ATI.ACE\Core-Static;c:\Program Files (x86)\Microsoft SQL Server\100\Tools\Binn\;c:\Program Files\Microsoft SQL Server\100\Tools\Binn\;c:\Program Files\Microsoft SQL Server\100\DTS\Binn\;C:\Program Files (x86)\Quest Software\instantclient;C:\Program Files (x86)\Windows Live\Shared;C:\Program Files\WIDCOMM\Bluetooth Software\;C:\Program Files\WIDCOMM\Bluetooth Software\syswow64;C:\Program Files\SlikSvn\bin\;C:\Program Files\Java\jdk\bin;C:\Program Files\TortoiseSVN\bin
USERNAME=Michael
OS=Windows_NT
PROCESSOR_IDENTIFIER=Intel64 Family 6 Model 23 Stepping 10, GenuineIntel



---------------  S Y S T E M  ---------------

OS: Windows 7 Build 7601 Service Pack 1

CPU:total 2 (2 cores per cpu, 1 threads per core) family 6 model 23 stepping 10, cmov, cx8, fxsr, mmx, sse, sse2, sse3, ssse3, sse4.1

Memory: 4k page, physical 4158312k(1694500k free), swap 8314780k(5248104k free)

vm_info: Java HotSpot(TM) 64-Bit Server VM (17.1-b03) for windows-amd64 JRE (1.6.0_22-b04), built on Sep 15 2010 00:45:56 by "java_re" with MS VC++ 8.0 (VS2005)

time: Wed Apr 06 09:27:52 2011
elapsed time: 6 seconds

