#
# A fatal error has been detected by the Java Runtime Environment:
#
#  EXCEPTION_ACCESS_VIOLATION (0xc0000005) at pc=0x000000006dabfda1, pid=7136, tid=6112
#
# JRE version: 6.0_22-b04
# Java VM: Java HotSpot(TM) 64-Bit Server VM (17.1-b03 mixed mode windows-amd64 )
# Problematic frame:
# V  [jvm.dll+0x22fda1]
#
# If you would like to submit a bug report, please visit:
#   http://java.sun.com/webapps/bugreport/crash.jsp
#

---------------  T H R E A D  ---------------

Current thread (0x000000004af89000):  JavaThread "Java2D Disposer" daemon [_thread_in_vm, id=6112, stack(0x000000004bcb0000,0x000000004bdb0000)]

siginfo: ExceptionCode=0xc0000005, reading address 0x0000000000000011

Registers:
EAX=0x000000004bdaf378, EBX=0x000000000038d858, ECX=0x0000000000000000, EDX=0x000000004af89000
ESP=0x000000004bdaf2d0, EBP=0x0000000000000000, ESI=0x000000004af5b660, EDI=0x000000004bdaf550
EIP=0x000000006dabfda1, EFLAGS=0x0000000000010203

Top of Stack: (sp=0x000000004bdaf2d0)
0x000000004bdaf2d0:   000000004af89000 0000000000000005
0x000000004bdaf2e0:   0000000000000000 000000006dabfa1a
0x000000004bdaf2f0:   0000000000000000 000000000038d850
0x000000004bdaf300:   000000004af5b660 000000000038d420
0x000000004bdaf310:   000000000038d430 000000000038d808
0x000000004bdaf320:   000000000038d430 000000000038d808
0x000000004bdaf330:   000000006ddebd60 000000000038d858
0x000000004bdaf340:   0000000000000021 000000000000000c
0x000000004bdaf350:   0000000000000000 000000004bdaf550
0x000000004bdaf360:   000000004af891c8 000000004af891c8
0x000000004bdaf370:   000000004af89000 000000000038d850
0x000000004bdaf380:   00000000508200a0 0000000000000389
0x000000004bdaf390:   000000004bdaf428 000000006da060f1
0x000000004bdaf3a0:   000000007b36a43c 0000000000000000
0x000000004bdaf3b0:   0000000000000048 0000000000000001
0x000000004bdaf3c0:   0000000000000000 0000000000000000 

Instructions: (pc=0x000000006dabfda1)
0x000000006dabfd91:   00 00 4c 89 2c c8 ff 84 24 98 01 00 00 4c 8b 03
0x000000006dabfda1:   49 8b 40 10 4d 8b 40 18 0f b7 48 42 4d 8b 44 c8 


Stack: [0x000000004bcb0000,0x000000004bdb0000],  sp=0x000000004bdaf2d0,  free space=3fc0000000000000000k
Native frames: (J=compiled Java code, j=interpreted, Vv=VM code, C=native code)
V  [jvm.dll+0x22fda1]

[error occurred during error reporting (printing native stack), id 0xc0000005]

Java frames: (J=compiled Java code, j=interpreted, Vv=VM code)
j  java.awt.Cursor.finalizeImpl(J)V+0
j  java.awt.Cursor.access$000(J)V+1
j  java.awt.Cursor$CursorDisposer.dispose()V+13
j  sun.java2d.Disposer.run()V+26
j  java.lang.Thread.run()V+11
v  ~StubRoutines::call_stub

---------------  P R O C E S S  ---------------

Java Threads: ( => current thread )
  0x000000004ae65000 JavaThread "Thread-1" daemon [_thread_in_native, id=4960, stack(0x000000004fa10000,0x000000004fb10000)]
  0x000000000028c000 JavaThread "DestroyJavaVM" [_thread_blocked, id=1292, stack(0x0000000002450000,0x0000000002550000)]
  0x000000004b74a800 JavaThread "AWT-EventQueue-0" [_thread_blocked, id=7044, stack(0x000000004e740000,0x000000004e840000)]
  0x000000004b74c000 JavaThread "Timer-0" [_thread_blocked, id=3404, stack(0x000000004e340000,0x000000004e440000)]
  0x000000004b649000 JavaThread "AWT-Windows" daemon [_thread_in_native, id=4764, stack(0x000000004beb0000,0x000000004bfb0000)]
  0x000000004af8a000 JavaThread "AWT-Shutdown" [_thread_blocked, id=6784, stack(0x000000004bdb0000,0x000000004beb0000)]
=>0x000000004af89000 JavaThread "Java2D Disposer" daemon [_thread_in_vm, id=6112, stack(0x000000004bcb0000,0x000000004bdb0000)]
  0x000000004ae16800 JavaThread "Low Memory Detector" daemon [_thread_blocked, id=6812, stack(0x000000004b3d0000,0x000000004b4d0000)]
  0x000000004ae14000 JavaThread "CompilerThread1" daemon [_thread_blocked, id=3916, stack(0x000000004b2d0000,0x000000004b3d0000)]
  0x0000000000389000 JavaThread "CompilerThread0" daemon [_thread_blocked, id=4708, stack(0x000000004b1d0000,0x000000004b2d0000)]
  0x0000000000387800 JavaThread "Attach Listener" daemon [_thread_blocked, id=6356, stack(0x000000004b0d0000,0x000000004b1d0000)]
  0x000000004ae10800 JavaThread "Signal Dispatcher" daemon [_thread_blocked, id=5076, stack(0x000000004afd0000,0x000000004b0d0000)]
  0x000000000036d800 JavaThread "Finalizer" daemon [_thread_blocked, id=6560, stack(0x000000004acd0000,0x000000004add0000)]
  0x0000000000364800 JavaThread "Reference Handler" daemon [_thread_blocked, id=5160, stack(0x000000004abd0000,0x000000004acd0000)]

Other Threads:
  0x0000000000360800 VMThread [stack: 0x000000004aad0000,0x000000004abd0000] [id=6768]
  0x000000004ae20000 WatcherThread [stack: 0x000000004b4d0000,0x000000004b5d0000] [id=5200]

VM state:not at safepoint (normal execution)

VM Mutex/Monitor currently owned by a thread: None

Heap
 PSYoungGen      total 18944K, used 3193K [0x0000000034f70000, 0x0000000036490000, 0x000000004a210000)
  eden space 16256K, 3% used [0x0000000034f70000,0x0000000035004658,0x0000000035f50000)
  from space 2688K, 96% used [0x00000000361f0000,0x000000003647a1a0,0x0000000036490000)
  to   space 2688K, 0% used [0x0000000035f50000,0x0000000035f50000,0x00000000361f0000)
 PSOldGen        total 43392K, used 24K [0x000000000aa10000, 0x000000000d470000, 0x0000000034f70000)
  object space 43392K, 0% used [0x000000000aa10000,0x000000000aa16000,0x000000000d470000)
 PSPermGen       total 21248K, used 19435K [0x0000000005610000, 0x0000000006ad0000, 0x000000000aa10000)
  object space 21248K, 91% used [0x0000000005610000,0x000000000690af68,0x0000000006ad0000)

Dynamic libraries:
0x0000000000400000 - 0x000000000042e000 	C:\Program Files\Java\jdk\bin\java.exe
0x0000000077620000 - 0x00000000777c9000 	C:\Windows\SYSTEM32\ntdll.dll
0x0000000077500000 - 0x000000007761f000 	C:\Windows\system32\kernel32.dll
0x000007fefd8d0000 - 0x000007fefd93b000 	C:\Windows\system32\KERNELBASE.dll
0x000007fefdf20000 - 0x000007fefdffb000 	C:\Windows\system32\ADVAPI32.dll
0x000007fefe0f0000 - 0x000007fefe18f000 	C:\Windows\system32\msvcrt.dll
0x000007fefdcc0000 - 0x000007fefdcdf000 	C:\Windows\SYSTEM32\sechost.dll
0x000007fefe190000 - 0x000007fefe2bd000 	C:\Windows\system32\RPCRT4.dll
0x000000006d890000 - 0x000000006df61000 	C:\Program Files\Java\jdk\jre\bin\server\jvm.dll
0x0000000077400000 - 0x00000000774fa000 	C:\Windows\system32\USER32.dll
0x000007feff840000 - 0x000007feff8a7000 	C:\Windows\system32\GDI32.dll
0x000007fefe770000 - 0x000007fefe77e000 	C:\Windows\system32\LPK.dll
0x000007feff510000 - 0x000007feff5d9000 	C:\Windows\system32\USP10.dll
0x000007fefb440000 - 0x000007fefb47b000 	C:\Windows\system32\WINMM.dll
0x000007fefe0c0000 - 0x000007fefe0ee000 	C:\Windows\system32\IMM32.DLL
0x000007fefe2c0000 - 0x000007fefe3c9000 	C:\Windows\system32\MSCTF.dll
0x000000006d800000 - 0x000000006d80e000 	C:\Program Files\Java\jdk\jre\bin\verify.dll
0x000000006d450000 - 0x000000006d477000 	C:\Program Files\Java\jdk\jre\bin\java.dll
0x000000006d3b0000 - 0x000000006d3ba000 	C:\Program Files\Java\jdk\jre\bin\hpi.dll
0x00000000777e0000 - 0x00000000777e7000 	C:\Windows\system32\PSAPI.DLL
0x000000006d850000 - 0x000000006d862000 	C:\Program Files\Java\jdk\jre\bin\zip.dll
0x000000006d0a0000 - 0x000000006d263000 	C:\Program Files\Java\jdk\jre\bin\awt.dll
0x000007fefa250000 - 0x000007fefa2c1000 	C:\Windows\system32\WINSPOOL.DRV
0x000007fefe560000 - 0x000007fefe763000 	C:\Windows\system32\ole32.dll
0x000007fefe780000 - 0x000007feff508000 	C:\Windows\system32\SHELL32.dll
0x000007fefd940000 - 0x000007fefd9b1000 	C:\Windows\system32\SHLWAPI.dll
0x000007fefbfa0000 - 0x000007fefc194000 	C:\Windows\WinSxS\amd64_microsoft.windows.common-controls_6595b64144ccf1df_6.0.7601.17514_none_fa396087175ac9ac\COMCTL32.dll
0x000007fefb120000 - 0x000007fefb138000 	C:\Windows\system32\DWMAPI.DLL
0x000007fefbdc0000 - 0x000007fefbe16000 	C:\Windows\system32\uxtheme.dll
0x000000006d340000 - 0x000000006d3a6000 	C:\Program Files\Java\jdk\jre\bin\fontmanager.dll
0x000007fefd4a0000 - 0x000007fefd4af000 	C:\Windows\system32\CRYPTBASE.dll
0x000007fefc630000 - 0x000007fefc63c000 	C:\Windows\system32\VERSION.dll
0x0000000074e50000 - 0x0000000074ee8000 	C:\Windows\system32\aticfx64.dll
0x000007fef94d0000 - 0x000007fef94dd000 	C:\Windows\system32\atiu9p64.dll
0x0000000077b00000 - 0x0000000077ff7000 	C:\Windows\system32\atiumd64.dll
0x0000000050140000 - 0x0000000050449000 	C:\Windows\system32\atiumd6a.dll
0x000000004bfb0000 - 0x000000004c015000 	C:\Program Files\WIDCOMM\Bluetooth Software\btmmhook.dll
0x000007feff760000 - 0x000007feff837000 	C:\Windows\system32\OLEAUT32.dll
0x000007fefdc20000 - 0x000007fefdcb9000 	C:\Windows\system32\CLBCatQ.DLL
0x000007fefce40000 - 0x000007fefce57000 	C:\Windows\system32\CRYPTSP.dll
0x000007fefcb40000 - 0x000007fefcb87000 	C:\Windows\system32\rsaenh.dll
0x000007fefc870000 - 0x000007fefc88e000 	C:\Windows\system32\USERENV.dll
0x000007fefd570000 - 0x000007fefd57f000 	C:\Windows\system32\profapi.dll
0x000000006d6a0000 - 0x000000006d6b7000 	C:\Program Files\Java\jdk\jre\bin\net.dll
0x000007fefdcf0000 - 0x000007fefdd3d000 	C:\Windows\system32\WS2_32.dll
0x000007fefdce0000 - 0x000007fefdce8000 	C:\Windows\system32\NSI.dll
0x000007fefcde0000 - 0x000007fefce35000 	C:\Windows\system32\mswsock.dll
0x000007fefcdd0000 - 0x000007fefcdd7000 	C:\Windows\System32\wship6.dll
0x000007fefb7a0000 - 0x000007fefb7b5000 	C:\Windows\system32\NLAapi.dll
0x000007fef56d0000 - 0x000007fef56e5000 	C:\Windows\system32\napinsp.dll
0x000007fef56b0000 - 0x000007fef56c9000 	C:\Windows\system32\pnrpnsp.dll
0x000007fef6180000 - 0x000007fef61ae000 	C:\Program Files\Common Files\Microsoft Shared\Windows Live\WLIDNSP.DLL
0x000007fef56a0000 - 0x000007fef56b0000 	C:\Windows\system32\wshbth.dll
0x000007fefcc60000 - 0x000007fefccbb000 	C:\Windows\system32\DNSAPI.dll
0x000007fef5690000 - 0x000007fef569b000 	C:\Windows\System32\winrnr.dll
0x000007fefc750000 - 0x000007fefc757000 	C:\Windows\System32\wshtcpip.dll
0x000007fefb3b0000 - 0x000007fefb3d7000 	C:\Windows\system32\IPHLPAPI.DLL
0x000007fefb3a0000 - 0x000007fefb3ab000 	C:\Windows\system32\WINNSI.DLL
0x000007fef6330000 - 0x000007fef6338000 	C:\Windows\system32\rasadhlp.dll
0x000007fefb260000 - 0x000007fefb2b3000 	C:\Windows\System32\fwpuclnt.dll
0x000000006d6c0000 - 0x000000006d6cb000 	C:\Program Files\Java\jdk\jre\bin\nio.dll
0x000000006d2b0000 - 0x000000006d2d8000 	C:\Program Files\Java\jdk\jre\bin\dcpr.dll

VM Arguments:
jvm_args: -Dfile.encoding=UTF-8 
java_command: at.fhv.teamc.easydiet.controller.Main
Launcher Type: SUN_STANDARD

Environment Variables:
PATH=C:\Program Files\Common Files\Microsoft Shared\Windows Live;C:\Program Files (x86)\Common Files\Microsoft Shared\Windows Live;C:\Windows\system32;C:\Windows;C:\Windows\System32\Wbem;C:\Windows\System32\WindowsPowerShell\v1.0\;C:\Program Files (x86)\ATI Technologies\ATI.ACE\Core-Static;c:\Program Files (x86)\Microsoft SQL Server\100\Tools\Binn\;c:\Program Files\Microsoft SQL Server\100\Tools\Binn\;c:\Program Files\Microsoft SQL Server\100\DTS\Binn\;C:\Program Files (x86)\Quest Software\instantclient;C:\Program Files (x86)\Windows Live\Shared;C:\Program Files\WIDCOMM\Bluetooth Software\;C:\Program Files\WIDCOMM\Bluetooth Software\syswow64;C:\Program Files\SlikSvn\bin\;C:\Program Files\Java\jdk\bin;C:\Program Files\TortoiseSVN\bin
USERNAME=Michael
OS=Windows_NT
PROCESSOR_IDENTIFIER=Intel64 Family 6 Model 23 Stepping 10, GenuineIntel



---------------  S Y S T E M  ---------------

OS: Windows 7 Build 7601 Service Pack 1

CPU:total 2 (2 cores per cpu, 1 threads per core) family 6 model 23 stepping 10, cmov, cx8, fxsr, mmx, sse, sse2, sse3, ssse3, sse4.1

Memory: 4k page, physical 4158312k(1086336k free), swap 8314780k(4676488k free)

vm_info: Java HotSpot(TM) 64-Bit Server VM (17.1-b03) for windows-amd64 JRE (1.6.0_22-b04), built on Sep 15 2010 00:45:56 by "java_re" with MS VC++ 8.0 (VS2005)

time: Wed Apr 06 19:10:30 2011
elapsed time: 32 seconds

