#
# A fatal error has been detected by the Java Runtime Environment:
#
#  EXCEPTION_ACCESS_VIOLATION (0xc0000005) at pc=0x000000006dabfda1, pid=2504, tid=3296
#
# JRE version: 6.0_22-b04
# Java VM: Java HotSpot(TM) 64-Bit Server VM (17.1-b03 mixed mode windows-amd64 )
# Problematic frame:
# V  [jvm.dll+0x22fda1]
#
# If you would like to submit a bug report, please visit:
#   http://java.sun.com/webapps/bugreport/crash.jsp
#

---------------  T H R E A D  ---------------

Current thread (0x000000004b4b1800):  JavaThread "Java2D Disposer" daemon [_thread_in_vm, id=3296, stack(0x000000004bc50000,0x000000004bd50000)]

siginfo: ExceptionCode=0xc0000005, reading address 0x0000000000000011

Registers:
EAX=0x000000004bd4f378, EBX=0x00000000003ecd68, ECX=0x0000000000000000, EDX=0x000000004b4b1800
ESP=0x000000004bd4f2d0, EBP=0x0000000000000000, ESI=0x000000004adf5520, EDI=0x000000004bd4f550
EIP=0x000000006dabfda1, EFLAGS=0x0000000000010203

Top of Stack: (sp=0x000000004bd4f2d0)
0x000000004bd4f2d0:   000000004b4b1800 000000006dcc28f4
0x000000004bd4f2e0:   0000000000000000 000000006dabfa1a
0x000000004bd4f2f0:   000000004b4b1800 00000000003ecd60
0x000000004bd4f300:   000000004adf5520 000000004ae052f0
0x000000004bd4f310:   000000004ae05300 000000004ae056d8
0x000000004bd4f320:   000000004ae05300 000000004ae056d8
0x000000004bd4f330:   000000006ddebd60 00000000003ecd68
0x000000004bd4f340:   0000000000000021 000000000000000c
0x000000004bd4f350:   0000000000000000 000000004bd4f550
0x000000004bd4f360:   000000004b4b19c8 000000004b4b19c8
0x000000004bd4f370:   000000004b4b1800 00000000003ecd60
0x000000004bd4f380:   0000000052727500 000000000000029f
0x000000004bd4f390:   000000004bd4f428 000007fefd1d10ac
0x000000004bd4f3a0:   00000000409cb0f4 0000000000000000
0x000000004bd4f3b0:   000000004bd4f428 00000000003ecd58
0x000000004bd4f3c0:   0000000000000000 000000006daa531a 

Instructions: (pc=0x000000006dabfda1)
0x000000006dabfd91:   00 00 4c 89 2c c8 ff 84 24 98 01 00 00 4c 8b 03
0x000000006dabfda1:   49 8b 40 10 4d 8b 40 18 0f b7 48 42 4d 8b 44 c8 


Stack: [0x000000004bc50000,0x000000004bd50000],  sp=0x000000004bd4f2d0,  free space=3fc0000000000000000k
Native frames: (J=compiled Java code, j=interpreted, Vv=VM code, C=native code)
V  [jvm.dll+0x22fda1]

[error occurred during error reporting (printing native stack), id 0xc0000005]

Java frames: (J=compiled Java code, j=interpreted, Vv=VM code)
j  java.awt.Cursor.finalizeImpl(J)V+0
j  java.awt.Cursor.access$000(J)V+1
j  java.awt.Cursor$CursorDisposer.dispose()V+13
j  sun.java2d.Disposer.run()V+26
j  java.lang.Thread.run()V+11
v  ~StubRoutines::call_stub

---------------  P R O C E S S  ---------------

Java Threads: ( => current thread )
  0x000000000059c000 JavaThread "DestroyJavaVM" [_thread_blocked, id=4384, stack(0x00000000023d0000,0x00000000024d0000)]
  0x000000004b4fb800 JavaThread "AWT-EventQueue-0" [_thread_blocked, id=5220, stack(0x000000004f0b0000,0x000000004f1b0000)]
  0x000000004b674000 JavaThread "Timer-0" [_thread_blocked, id=4184, stack(0x000000004efb0000,0x000000004f0b0000)]
  0x000000004b4b0800 JavaThread "AWT-Shutdown" [_thread_blocked, id=4116, stack(0x000000004bd50000,0x000000004be50000)]
=>0x000000004b4b1800 JavaThread "Java2D Disposer" daemon [_thread_in_vm, id=3296, stack(0x000000004bc50000,0x000000004bd50000)]
  0x000000004ace4000 JavaThread "Low Memory Detector" daemon [_thread_blocked, id=4628, stack(0x000000004b290000,0x000000004b390000)]
  0x000000004acd5000 JavaThread "CompilerThread1" daemon [_thread_blocked, id=5260, stack(0x000000004b190000,0x000000004b290000)]
  0x00000000003e9800 JavaThread "CompilerThread0" daemon [_thread_blocked, id=6672, stack(0x000000004b090000,0x000000004b190000)]
  0x00000000003e7800 JavaThread "Attach Listener" daemon [_thread_blocked, id=7024, stack(0x000000004af90000,0x000000004b090000)]
  0x000000004acd0800 JavaThread "Signal Dispatcher" daemon [_thread_blocked, id=3084, stack(0x000000004ae90000,0x000000004af90000)]
  0x00000000003c8000 JavaThread "Finalizer" daemon [_thread_blocked, id=2676, stack(0x000000004ab90000,0x000000004ac90000)]
  0x00000000003c4800 JavaThread "Reference Handler" daemon [_thread_blocked, id=5008, stack(0x000000004aa90000,0x000000004ab90000)]

Other Threads:
  0x00000000003c0800 VMThread [stack: 0x000000004a990000,0x000000004aa90000] [id=5908]
  0x000000004aced800 WatcherThread [stack: 0x000000004b390000,0x000000004b490000] [id=4280]

VM state:not at safepoint (normal execution)

VM Mutex/Monitor currently owned by a thread: None

Heap
 PSYoungGen      total 18560K, used 2940K [0x0000000034e30000, 0x0000000036690000, 0x000000004a0d0000)
  eden space 15872K, 1% used [0x0000000034e30000,0x0000000034e73268,0x0000000035db0000)
  from space 2688K, 99% used [0x0000000035e10000,0x00000000360ac030,0x00000000360b0000)
  to   space 4544K, 0% used [0x0000000036220000,0x0000000036220000,0x0000000036690000)
 PSOldGen        total 43392K, used 2537K [0x000000000a8d0000, 0x000000000d330000, 0x0000000034e30000)
  object space 43392K, 5% used [0x000000000a8d0000,0x000000000ab4a458,0x000000000d330000)
 PSPermGen       total 21440K, used 21293K [0x00000000054d0000, 0x00000000069c0000, 0x000000000a8d0000)
  object space 21440K, 99% used [0x00000000054d0000,0x000000000699b5e8,0x00000000069c0000)

Dynamic libraries:
0x0000000000400000 - 0x000000000042e000 	C:\Program Files\Java\jdk\bin\java.exe
0x00000000770f0000 - 0x0000000077299000 	C:\Windows\SYSTEM32\ntdll.dll
0x0000000076ed0000 - 0x0000000076fef000 	C:\Windows\system32\kernel32.dll
0x000007fefd1d0000 - 0x000007fefd23b000 	C:\Windows\system32\KERNELBASE.dll
0x000007fefd670000 - 0x000007fefd74b000 	C:\Windows\system32\ADVAPI32.dll
0x000007fefd7c0000 - 0x000007fefd85f000 	C:\Windows\system32\msvcrt.dll
0x000007fefeb50000 - 0x000007fefeb6f000 	C:\Windows\SYSTEM32\sechost.dll
0x000007fefec40000 - 0x000007fefed6d000 	C:\Windows\system32\RPCRT4.dll
0x000000006d890000 - 0x000000006df61000 	C:\Program Files\Java\jdk\jre\bin\server\jvm.dll
0x0000000076ff0000 - 0x00000000770ea000 	C:\Windows\system32\USER32.dll
0x000007fefd750000 - 0x000007fefd7b7000 	C:\Windows\system32\GDI32.dll
0x000007fefeab0000 - 0x000007fefeabe000 	C:\Windows\system32\LPK.dll
0x000007fefeb70000 - 0x000007fefec39000 	C:\Windows\system32\USP10.dll
0x000007fefb140000 - 0x000007fefb17b000 	C:\Windows\system32\WINMM.dll
0x000007feff350000 - 0x000007feff37e000 	C:\Windows\system32\IMM32.DLL
0x000007feff1e0000 - 0x000007feff2e9000 	C:\Windows\system32\MSCTF.dll
0x000000006d800000 - 0x000000006d80e000 	C:\Program Files\Java\jdk\jre\bin\verify.dll
0x000000006d450000 - 0x000000006d477000 	C:\Program Files\Java\jdk\jre\bin\java.dll
0x000000006d3b0000 - 0x000000006d3ba000 	C:\Program Files\Java\jdk\jre\bin\hpi.dll
0x00000000772c0000 - 0x00000000772c7000 	C:\Windows\system32\PSAPI.DLL
0x000000006d850000 - 0x000000006d862000 	C:\Program Files\Java\jdk\jre\bin\zip.dll
0x000000006d0a0000 - 0x000000006d263000 	C:\Program Files\Java\jdk\jre\bin\awt.dll
0x000007fef9d20000 - 0x000007fef9d91000 	C:\Windows\system32\WINSPOOL.DRV
0x000007fefd990000 - 0x000007fefdb93000 	C:\Windows\system32\ole32.dll
0x000007fefdba0000 - 0x000007fefe928000 	C:\Windows\system32\SHELL32.dll
0x000007feff380000 - 0x000007feff3f1000 	C:\Windows\system32\SHLWAPI.dll
0x000007fefba40000 - 0x000007fefbc34000 	C:\Windows\WinSxS\amd64_microsoft.windows.common-controls_6595b64144ccf1df_6.0.7601.17514_none_fa396087175ac9ac\COMCTL32.dll
0x000007fefb270000 - 0x000007fefb288000 	C:\Windows\system32\DWMAPI.DLL
0x000007fefb860000 - 0x000007fefb8b6000 	C:\Windows\system32\uxtheme.dll
0x000007fefcf70000 - 0x000007fefcf7f000 	C:\Windows\system32\CRYPTBASE.dll
0x000000006d340000 - 0x000000006d3a6000 	C:\Program Files\Java\jdk\jre\bin\fontmanager.dll
0x000007fefc150000 - 0x000007fefc15c000 	C:\Windows\system32\VERSION.dll
0x0000000072010000 - 0x00000000720a8000 	C:\Windows\system32\aticfx64.dll
0x000007fefba30000 - 0x000007fefba3d000 	C:\Windows\system32\atiu9p64.dll
0x0000000052020000 - 0x0000000052517000 	C:\Windows\system32\atiumd64.dll
0x0000000052e10000 - 0x0000000053119000 	C:\Windows\system32\atiumd6a.dll
0x000000004bb50000 - 0x000000004bbb5000 	C:\Program Files\WIDCOMM\Bluetooth Software\btmmhook.dll
0x000007fefd860000 - 0x000007fefd937000 	C:\Windows\system32\OLEAUT32.dll
0x000007feff140000 - 0x000007feff1d9000 	C:\Windows\system32\CLBCatQ.DLL
0x000000006d6a0000 - 0x000000006d6b7000 	C:\Program Files\Java\jdk\jre\bin\net.dll
0x000007fefd940000 - 0x000007fefd98d000 	C:\Windows\system32\WS2_32.dll
0x000007fefeb40000 - 0x000007fefeb48000 	C:\Windows\system32\NSI.dll
0x000007fefc8b0000 - 0x000007fefc905000 	C:\Windows\system32\mswsock.dll
0x000007fefc8a0000 - 0x000007fefc8a7000 	C:\Windows\System32\wship6.dll
0x000000006d6c0000 - 0x000000006d6cb000 	C:\Program Files\Java\jdk\jre\bin\nio.dll
0x000007fefc910000 - 0x000007fefc927000 	C:\Windows\system32\CRYPTSP.dll
0x000007fefc610000 - 0x000007fefc657000 	C:\Windows\system32\rsaenh.dll
0x000007fefc340000 - 0x000007fefc35e000 	C:\Windows\system32\USERENV.dll
0x000007fefd040000 - 0x000007fefd04f000 	C:\Windows\system32\profapi.dll
0x000007fefafe0000 - 0x000007fefaff5000 	C:\Windows\system32\NLAapi.dll
0x000007feef6e0000 - 0x000007feef6f5000 	C:\Windows\system32\napinsp.dll
0x000007feef700000 - 0x000007feef719000 	C:\Windows\system32\pnrpnsp.dll
0x000007fef48a0000 - 0x000007fef48ce000 	C:\Program Files\Common Files\Microsoft Shared\Windows Live\WLIDNSP.DLL
0x000007fefa190000 - 0x000007fefa1a0000 	C:\Windows\system32\wshbth.dll
0x000007fefc730000 - 0x000007fefc78b000 	C:\Windows\system32\DNSAPI.dll
0x000007feef060000 - 0x000007feef06b000 	C:\Windows\System32\winrnr.dll
0x000007fefc220000 - 0x000007fefc227000 	C:\Windows\System32\wshtcpip.dll
0x000007fefacb0000 - 0x000007fefacd7000 	C:\Windows\system32\IPHLPAPI.DLL
0x000007fefac90000 - 0x000007fefac9b000 	C:\Windows\system32\WINNSI.DLL
0x000007fef4920000 - 0x000007fef4928000 	C:\Windows\system32\rasadhlp.dll
0x000007fefab20000 - 0x000007fefab73000 	C:\Windows\System32\fwpuclnt.dll
0x000000006d2b0000 - 0x000000006d2d8000 	C:\Program Files\Java\jdk\jre\bin\dcpr.dll
0x000007fefcf80000 - 0x000007fefcf94000 	C:\Windows\system32\RpcRtRemote.dll

VM Arguments:
jvm_args: -Dfile.encoding=UTF-8 
java_command: at.fhv.teamc.easydiet.controller.Main
Launcher Type: SUN_STANDARD

Environment Variables:
PATH=C:\Program Files\Common Files\Microsoft Shared\Windows Live;C:\Program Files (x86)\Common Files\Microsoft Shared\Windows Live;C:\Windows\system32;C:\Windows;C:\Windows\System32\Wbem;C:\Windows\System32\WindowsPowerShell\v1.0\;C:\Program Files (x86)\ATI Technologies\ATI.ACE\Core-Static;c:\Program Files (x86)\Microsoft SQL Server\100\Tools\Binn\;c:\Program Files\Microsoft SQL Server\100\Tools\Binn\;c:\Program Files\Microsoft SQL Server\100\DTS\Binn\;C:\Program Files (x86)\Quest Software\instantclient;C:\Program Files (x86)\Windows Live\Shared;C:\Program Files\WIDCOMM\Bluetooth Software\;C:\Program Files\WIDCOMM\Bluetooth Software\syswow64;C:\Program Files\SlikSvn\bin\;C:\Program Files\Java\jdk\bin;C:\Program Files\TortoiseSVN\bin
USERNAME=Michael
OS=Windows_NT
PROCESSOR_IDENTIFIER=Intel64 Family 6 Model 23 Stepping 10, GenuineIntel



---------------  S Y S T E M  ---------------

OS: Windows 7 Build 7601 Service Pack 1

CPU:total 2 (2 cores per cpu, 1 threads per core) family 6 model 23 stepping 10, cmov, cx8, fxsr, mmx, sse, sse2, sse3, ssse3, sse4.1

Memory: 4k page, physical 4158312k(1530420k free), swap 8314780k(5144892k free)

vm_info: Java HotSpot(TM) 64-Bit Server VM (17.1-b03) for windows-amd64 JRE (1.6.0_22-b04), built on Sep 15 2010 00:45:56 by "java_re" with MS VC++ 8.0 (VS2005)

time: Mon Apr 04 18:53:15 2011
elapsed time: 20 seconds

