#
# A fatal error has been detected by the Java Runtime Environment:
#
#  EXCEPTION_ACCESS_VIOLATION (0xc0000005) at pc=0x000000006dabfda1, pid=2192, tid=360
#
# JRE version: 6.0_22-b04
# Java VM: Java HotSpot(TM) 64-Bit Server VM (17.1-b03 mixed mode windows-amd64 )
# Problematic frame:
# V  [jvm.dll+0x22fda1]
#
# If you would like to submit a bug report, please visit:
#   http://java.sun.com/webapps/bugreport/crash.jsp
#

---------------  T H R E A D  ---------------

Current thread (0x000000004aec3000):  JavaThread "Java2D Disposer" daemon [_thread_in_vm, id=360, stack(0x000000004bc20000,0x000000004bd20000)]

siginfo: ExceptionCode=0xc0000005, reading address 0x0000000000000011

Registers:
EAX=0x000000004bd1f378, EBX=0x000000000030bd18, ECX=0x0000000000000000, EDX=0x000000004aec3000
ESP=0x000000004bd1f2d0, EBP=0x0000000000000000, ESI=0x000000004ae67330, EDI=0x000000004bd1f550
EIP=0x000000006dabfda1, EFLAGS=0x0000000000010203

Top of Stack: (sp=0x000000004bd1f2d0)
0x000000004bd1f2d0:   000000004aec3000 000000006dcda3f8
0x000000004bd1f2e0:   0000000000000000 0000000000000005
0x000000004bd1f2f0:   0000000034f1ec58 000000006d8f2cce
0x000000004bd1f300:   000000004ae67330 000000000030d470
0x000000004bd1f310:   000000000030d480 000000000030d858
0x000000004bd1f320:   000000004bd1f360 000000000030bd08
0x000000004bd1f330:   0000000005547c68 000000006dcda36c
0x000000004bd1f340:   0000000000000021 000000000000000c
0x000000004bd1f350:   000000000030bd28 000000004bd1f550
0x000000004bd1f360:   000000004aec31c8 000000006dcda678
0x000000004bd1f370:   0000000000000004 000000000030bd10
0x000000004bd1f380:   000000004bd1f428 000000006dc45d19
0x000000004bd1f390:   000000004bd1f428 000000006da060f1
0x000000004bd1f3a0:   000000000030bd00 000000000030bd20
0x000000004bd1f3b0:   000000004bd1f428 000000000030bd08
0x000000004bd1f3c0:   0000000000209b90 000000006daa531a 

Instructions: (pc=0x000000006dabfda1)
0x000000006dabfd91:   00 00 4c 89 2c c8 ff 84 24 98 01 00 00 4c 8b 03
0x000000006dabfda1:   49 8b 40 10 4d 8b 40 18 0f b7 48 42 4d 8b 44 c8 


Stack: [0x000000004bc20000,0x000000004bd20000],  sp=0x000000004bd1f2d0,  free space=3fc0000000000000000k
Native frames: (J=compiled Java code, j=interpreted, Vv=VM code, C=native code)
V  [jvm.dll+0x22fda1]

[error occurred during error reporting (printing native stack), id 0xc0000005]

Java frames: (J=compiled Java code, j=interpreted, Vv=VM code)
j  java.awt.Cursor.finalizeImpl(J)V+0
j  java.awt.Cursor.access$000(J)V+1
j  java.awt.Cursor$CursorDisposer.dispose()V+13
j  sun.java2d.Disposer.run()V+26
j  java.lang.Thread.run()V+11
v  ~StubRoutines::call_stub

---------------  P R O C E S S  ---------------

Java Threads: ( => current thread )
  0x000000004ad51000 JavaThread "Thread-1" daemon [_thread_in_native, id=1292, stack(0x0000000053540000,0x0000000053640000)]
  0x000000005200c800 JavaThread "Image Fetcher 0" daemon [_thread_blocked, id=1768, stack(0x0000000053240000,0x0000000053340000)]
  0x000000000020c000 JavaThread "DestroyJavaVM" [_thread_blocked, id=2528, stack(0x0000000002440000,0x0000000002540000)]
  0x000000004b6cf000 JavaThread "Image Fetcher 3" daemon [_thread_blocked, id=3904, stack(0x000000004fdf0000,0x000000004fef0000)]
  0x000000004b57a000 JavaThread "AWT-EventQueue-0" [_thread_blocked, id=4312, stack(0x000000004f000000,0x000000004f100000)]
  0x000000004b579800 JavaThread "Timer-0" [_thread_blocked, id=3912, stack(0x000000004ef00000,0x000000004f000000)]
  0x000000004aefe800 JavaThread "AWT-Windows" daemon [_thread_in_native, id=2880, stack(0x000000004be20000,0x000000004bf20000)]
  0x000000004b563000 JavaThread "AWT-Shutdown" [_thread_blocked, id=2568, stack(0x000000004bd20000,0x000000004be20000)]
=>0x000000004aec3000 JavaThread "Java2D Disposer" daemon [_thread_in_vm, id=360, stack(0x000000004bc20000,0x000000004bd20000)]
  0x000000004ad4a000 JavaThread "Low Memory Detector" daemon [_thread_blocked, id=3776, stack(0x000000004b300000,0x000000004b400000)]
  0x000000004ad44000 JavaThread "CompilerThread1" daemon [_thread_blocked, id=1268, stack(0x000000004b200000,0x000000004b300000)]
  0x0000000000309000 JavaThread "CompilerThread0" daemon [_thread_blocked, id=4720, stack(0x000000004b100000,0x000000004b200000)]
  0x0000000000307800 JavaThread "Attach Listener" daemon [_thread_blocked, id=4308, stack(0x000000004b000000,0x000000004b100000)]
  0x000000004ad40800 JavaThread "Signal Dispatcher" daemon [_thread_blocked, id=5040, stack(0x000000004af00000,0x000000004b000000)]
  0x00000000002ed800 JavaThread "Finalizer" daemon [_thread_blocked, id=1912, stack(0x000000004ac00000,0x000000004ad00000)]
  0x00000000002e4800 JavaThread "Reference Handler" daemon [_thread_blocked, id=2344, stack(0x000000004ab00000,0x000000004ac00000)]

Other Threads:
  0x00000000002e0800 VMThread [stack: 0x000000004aa00000,0x000000004ab00000] [id=2548]
  0x000000004ad57800 WatcherThread [stack: 0x000000004b400000,0x000000004b500000] [id=2692]

VM state:not at safepoint (normal execution)

VM Mutex/Monitor currently owned by a thread: None

Heap
 PSYoungGen      total 18944K, used 3345K [0x0000000034ea0000, 0x00000000363c0000, 0x000000004a140000)
  eden space 16256K, 4% used [0x0000000034ea0000,0x0000000034f483b8,0x0000000035e80000)
  from space 2688K, 99% used [0x0000000035e80000,0x000000003611c078,0x0000000036120000)
  to   space 2688K, 0% used [0x0000000036120000,0x0000000036120000,0x00000000363c0000)
 PSOldGen        total 43392K, used 616K [0x000000000a940000, 0x000000000d3a0000, 0x0000000034ea0000)
  object space 43392K, 1% used [0x000000000a940000,0x000000000a9da000,0x000000000d3a0000)
 PSPermGen       total 21248K, used 21180K [0x0000000005540000, 0x0000000006a00000, 0x000000000a940000)
  object space 21248K, 99% used [0x0000000005540000,0x00000000069ef078,0x0000000006a00000)

Dynamic libraries:
0x0000000000400000 - 0x000000000042e000 	C:\Program Files\Java\jdk\bin\java.exe
0x00000000775f0000 - 0x0000000077799000 	C:\Windows\SYSTEM32\ntdll.dll
0x00000000773d0000 - 0x00000000774ef000 	C:\Windows\system32\kernel32.dll
0x000007fefd650000 - 0x000007fefd6bb000 	C:\Windows\system32\KERNELBASE.dll
0x000007feff1e0000 - 0x000007feff2bb000 	C:\Windows\system32\ADVAPI32.dll
0x000007fefdaf0000 - 0x000007fefdb8f000 	C:\Windows\system32\msvcrt.dll
0x000007fefdbe0000 - 0x000007fefdbff000 	C:\Windows\SYSTEM32\sechost.dll
0x000007fefdfe0000 - 0x000007fefe10d000 	C:\Windows\system32\RPCRT4.dll
0x000000006d890000 - 0x000000006df61000 	C:\Program Files\Java\jdk\jre\bin\server\jvm.dll
0x00000000774f0000 - 0x00000000775ea000 	C:\Windows\system32\USER32.dll
0x000007feff800000 - 0x000007feff867000 	C:\Windows\system32\GDI32.dll
0x000007feff8f0000 - 0x000007feff8fe000 	C:\Windows\system32\LPK.dll
0x000007fefd910000 - 0x000007fefd9d9000 	C:\Windows\system32\USP10.dll
0x000007fefb310000 - 0x000007fefb34b000 	C:\Windows\system32\WINMM.dll
0x000007fefdb90000 - 0x000007fefdbbe000 	C:\Windows\system32\IMM32.DLL
0x000007fefd9e0000 - 0x000007fefdae9000 	C:\Windows\system32\MSCTF.dll
0x000000006d800000 - 0x000000006d80e000 	C:\Program Files\Java\jdk\jre\bin\verify.dll
0x000000006d450000 - 0x000000006d477000 	C:\Program Files\Java\jdk\jre\bin\java.dll
0x000000006d3b0000 - 0x000000006d3ba000 	C:\Program Files\Java\jdk\jre\bin\hpi.dll
0x00000000777c0000 - 0x00000000777c7000 	C:\Windows\system32\PSAPI.DLL
0x000000006d850000 - 0x000000006d862000 	C:\Program Files\Java\jdk\jre\bin\zip.dll
0x000000006d0a0000 - 0x000000006d263000 	C:\Program Files\Java\jdk\jre\bin\awt.dll
0x000007fefa1c0000 - 0x000007fefa231000 	C:\Windows\system32\WINSPOOL.DRV
0x000007fefddd0000 - 0x000007fefdfd3000 	C:\Windows\system32\ole32.dll
0x000007fefe450000 - 0x000007feff1d8000 	C:\Windows\system32\SHELL32.dll
0x000007feff360000 - 0x000007feff3d1000 	C:\Windows\system32\SHLWAPI.dll
0x000007fefc110000 - 0x000007fefc304000 	C:\Windows\WinSxS\amd64_microsoft.windows.common-controls_6595b64144ccf1df_6.0.7601.17514_none_fa396087175ac9ac\COMCTL32.dll
0x000007fefb960000 - 0x000007fefb978000 	C:\Windows\system32\DWMAPI.DLL
0x000007fefbd90000 - 0x000007fefbde6000 	C:\Windows\system32\uxtheme.dll
0x000007fefd470000 - 0x000007fefd47f000 	C:\Windows\system32\CRYPTBASE.dll
0x000000006d340000 - 0x000000006d3a6000 	C:\Program Files\Java\jdk\jre\bin\fontmanager.dll
0x000007fefc600000 - 0x000007fefc60c000 	C:\Windows\system32\VERSION.dll
0x0000000074f00000 - 0x0000000074f98000 	C:\Windows\system32\aticfx64.dll
0x000007fef2900000 - 0x000007fef290d000 	C:\Windows\system32\atiu9p64.dll
0x0000000062fc0000 - 0x00000000634b7000 	C:\Windows\system32\atiumd64.dll
0x00000000636b0000 - 0x00000000639b9000 	C:\Windows\system32\atiumd6a.dll
0x000000004c5e0000 - 0x000000004c645000 	C:\Program Files\WIDCOMM\Bluetooth Software\btmmhook.dll
0x000007fefe110000 - 0x000007fefe1e7000 	C:\Windows\system32\OLEAUT32.dll
0x000007feff2c0000 - 0x000007feff359000 	C:\Windows\system32\CLBCatQ.DLL
0x000000006d6a0000 - 0x000000006d6b7000 	C:\Program Files\Java\jdk\jre\bin\net.dll
0x000007fefdd80000 - 0x000007fefddcd000 	C:\Windows\system32\WS2_32.dll
0x000007feff480000 - 0x000007feff488000 	C:\Windows\system32\NSI.dll
0x000007fefcdb0000 - 0x000007fefce05000 	C:\Windows\system32\mswsock.dll
0x000007fefcda0000 - 0x000007fefcda7000 	C:\Windows\System32\wship6.dll
0x000000006d6c0000 - 0x000000006d6cb000 	C:\Program Files\Java\jdk\jre\bin\nio.dll
0x000007fefce10000 - 0x000007fefce27000 	C:\Windows\system32\CRYPTSP.dll
0x000007fefcb10000 - 0x000007fefcb57000 	C:\Windows\system32\rsaenh.dll
0x000007fefc840000 - 0x000007fefc85e000 	C:\Windows\system32\USERENV.dll
0x000007fefd540000 - 0x000007fefd54f000 	C:\Windows\system32\profapi.dll
0x000007fefb670000 - 0x000007fefb685000 	C:\Windows\system32\NLAapi.dll
0x000007fef5680000 - 0x000007fef5695000 	C:\Windows\system32\napinsp.dll
0x000007fef5660000 - 0x000007fef5679000 	C:\Windows\system32\pnrpnsp.dll
0x000007fef6380000 - 0x000007fef63ae000 	C:\Program Files\Common Files\Microsoft Shared\Windows Live\WLIDNSP.DLL
0x000007fef55d0000 - 0x000007fef55e0000 	C:\Windows\system32\wshbth.dll
0x000007fefcc30000 - 0x000007fefcc8b000 	C:\Windows\system32\DNSAPI.dll
0x000007fef55c0000 - 0x000007fef55cb000 	C:\Windows\System32\winrnr.dll
0x000007fefc720000 - 0x000007fefc727000 	C:\Windows\System32\wshtcpip.dll
0x000007fefb280000 - 0x000007fefb2a7000 	C:\Windows\system32\IPHLPAPI.DLL
0x000007fefb270000 - 0x000007fefb27b000 	C:\Windows\system32\WINNSI.DLL
0x000007fef6da0000 - 0x000007fef6da8000 	C:\Windows\system32\rasadhlp.dll
0x000007fefb140000 - 0x000007fefb193000 	C:\Windows\System32\fwpuclnt.dll
0x000000006d2b0000 - 0x000000006d2d8000 	C:\Program Files\Java\jdk\jre\bin\dcpr.dll
0x000007fefd480000 - 0x000007fefd494000 	C:\Windows\system32\RpcRtRemote.dll

VM Arguments:
jvm_args: -Dfile.encoding=UTF-8 
java_command: at.fhv.teamc.easydiet.controller.Main
Launcher Type: SUN_STANDARD

Environment Variables:
PATH=C:\Program Files\Common Files\Microsoft Shared\Windows Live;C:\Program Files (x86)\Common Files\Microsoft Shared\Windows Live;C:\Windows\system32;C:\Windows;C:\Windows\System32\Wbem;C:\Windows\System32\WindowsPowerShell\v1.0\;C:\Program Files (x86)\ATI Technologies\ATI.ACE\Core-Static;c:\Program Files (x86)\Microsoft SQL Server\100\Tools\Binn\;c:\Program Files\Microsoft SQL Server\100\Tools\Binn\;c:\Program Files\Microsoft SQL Server\100\DTS\Binn\;C:\Program Files (x86)\Quest Software\instantclient;C:\Program Files (x86)\Windows Live\Shared;C:\Program Files\WIDCOMM\Bluetooth Software\;C:\Program Files\WIDCOMM\Bluetooth Software\syswow64;C:\Program Files\SlikSvn\bin\;C:\Program Files\Java\jdk\bin;C:\Program Files\TortoiseSVN\bin
USERNAME=Michael
OS=Windows_NT
PROCESSOR_IDENTIFIER=Intel64 Family 6 Model 23 Stepping 10, GenuineIntel



---------------  S Y S T E M  ---------------

OS: Windows 7 Build 7601 Service Pack 1

CPU:total 2 (2 cores per cpu, 1 threads per core) family 6 model 23 stepping 10, cmov, cx8, fxsr, mmx, sse, sse2, sse3, ssse3, sse4.1

Memory: 4k page, physical 4158312k(1787792k free), swap 8314780k(5353932k free)

vm_info: Java HotSpot(TM) 64-Bit Server VM (17.1-b03) for windows-amd64 JRE (1.6.0_22-b04), built on Sep 15 2010 00:45:56 by "java_re" with MS VC++ 8.0 (VS2005)

time: Tue Apr 05 18:31:45 2011
elapsed time: 5 seconds

