#
# A fatal error has been detected by the Java Runtime Environment:
#
#  EXCEPTION_ACCESS_VIOLATION (0xc0000005) at pc=0x000000006dabfda1, pid=2328, tid=4268
#
# JRE version: 6.0_22-b04
# Java VM: Java HotSpot(TM) 64-Bit Server VM (17.1-b03 mixed mode windows-amd64 )
# Problematic frame:
# V  [jvm.dll+0x22fda1]
#
# If you would like to submit a bug report, please visit:
#   http://java.sun.com/webapps/bugreport/crash.jsp
#

---------------  T H R E A D  ---------------

Current thread (0x000000004aec4000):  JavaThread "Java2D Disposer" daemon [_thread_in_vm, id=4268, stack(0x000000004b860000,0x000000004b960000)]

siginfo: ExceptionCode=0xc0000005, reading address 0x0000000000000011

Registers:
EAX=0x000000004b95f378, EBX=0x00000000002cbb98, ECX=0x0000000000000000, EDX=0x000000004aec4000
ESP=0x000000004b95f2d0, EBP=0x0000000000000000, ESI=0x000000004aea3ca0, EDI=0x000000004b95f550
EIP=0x000000006dabfda1, EFLAGS=0x0000000000010203

Top of Stack: (sp=0x000000004b95f2d0)
0x000000004b95f2d0:   000000004aec4000 000000006dcda3f8
0x000000004b95f2e0:   0000000000000000 0000000000000005
0x000000004b95f2f0:   0000000034fcd4a8 000000006d8f2cce
0x000000004b95f300:   000000004aea3ca0 00000000002cb760
0x000000004b95f310:   00000000002cb770 00000000002cbb48
0x000000004b95f320:   000000004b95f360 00000000002cbb88
0x000000004b95f330:   0000000005607c68 000000006dcda36c
0x000000004b95f340:   0000000000000021 000000000000000c
0x000000004b95f350:   00000000002cbba8 000000004b95f550
0x000000004b95f360:   000000004aec41c8 000000006dcda678
0x000000004b95f370:   0000000000000004 00000000002cbb90
0x000000004b95f380:   000000004b95f428 000000006dc45d19
0x000000004b95f390:   000000004b95f428 000000006da060f1
0x000000004b95f3a0:   00000000002cbb00 00000000002cbba0
0x000000004b95f3b0:   000000004b95f428 00000000002cbb88
0x000000004b95f3c0:   0000000000369500 000000006daa531a 

Instructions: (pc=0x000000006dabfda1)
0x000000006dabfd91:   00 00 4c 89 2c c8 ff 84 24 98 01 00 00 4c 8b 03
0x000000006dabfda1:   49 8b 40 10 4d 8b 40 18 0f b7 48 42 4d 8b 44 c8 


Stack: [0x000000004b860000,0x000000004b960000],  sp=0x000000004b95f2d0,  free space=3fc0000000000000000k
Native frames: (J=compiled Java code, j=interpreted, Vv=VM code, C=native code)
V  [jvm.dll+0x22fda1]

[error occurred during error reporting (printing native stack), id 0xc0000005]

Java frames: (J=compiled Java code, j=interpreted, Vv=VM code)
j  java.awt.Cursor.finalizeImpl(J)V+0
j  java.awt.Cursor.access$000(J)V+1
j  java.awt.Cursor$CursorDisposer.dispose()V+13
j  sun.java2d.Disposer.run()V+26
j  java.lang.Thread.run()V+11
v  ~StubRoutines::call_stub

---------------  P R O C E S S  ---------------

Java Threads: ( => current thread )
  0x000000000036b800 JavaThread "DestroyJavaVM" [_thread_blocked, id=5008, stack(0x0000000002440000,0x0000000002540000)]
  0x000000004aee7800 JavaThread "AWT-EventQueue-0" [_thread_blocked, id=6196, stack(0x00000000501b0000,0x00000000502b0000)]
  0x000000004c914800 JavaThread "Timer-0" [_thread_blocked, id=6648, stack(0x00000000500b0000,0x00000000501b0000)]
  0x000000004aee5800 JavaThread "AWT-Shutdown" [_thread_blocked, id=3240, stack(0x000000004b9e0000,0x000000004bae0000)]
=>0x000000004aec4000 JavaThread "Java2D Disposer" daemon [_thread_in_vm, id=4268, stack(0x000000004b860000,0x000000004b960000)]
  0x000000004ae15000 JavaThread "Low Memory Detector" daemon [_thread_blocked, id=5432, stack(0x000000004b3c0000,0x000000004b4c0000)]
  0x000000004ae12800 JavaThread "CompilerThread1" daemon [_thread_blocked, id=7004, stack(0x000000004b2c0000,0x000000004b3c0000)]
  0x00000000002c8000 JavaThread "CompilerThread0" daemon [_thread_blocked, id=5564, stack(0x000000004b1c0000,0x000000004b2c0000)]
  0x00000000002c5000 JavaThread "Attach Listener" daemon [_thread_blocked, id=5888, stack(0x000000004b0c0000,0x000000004b1c0000)]
  0x00000000002c4000 JavaThread "Signal Dispatcher" daemon [_thread_blocked, id=5700, stack(0x000000004afc0000,0x000000004b0c0000)]
  0x00000000002a7800 JavaThread "Finalizer" daemon [_thread_blocked, id=5416, stack(0x000000004acc0000,0x000000004adc0000)]
  0x00000000002a4000 JavaThread "Reference Handler" daemon [_thread_blocked, id=6808, stack(0x000000004abc0000,0x000000004acc0000)]

Other Threads:
  0x00000000002a0000 VMThread [stack: 0x000000004aac0000,0x000000004abc0000] [id=6184]
  0x000000004ae28800 WatcherThread [stack: 0x000000004b4c0000,0x000000004b5c0000] [id=6168]

VM state:not at safepoint (normal execution)

VM Mutex/Monitor currently owned by a thread: None

Heap
 PSYoungGen      total 18944K, used 2795K [0x0000000034f60000, 0x0000000036480000, 0x000000004a200000)
  eden space 16256K, 3% used [0x0000000034f60000,0x0000000034ff6c08,0x0000000035f40000)
  from space 2688K, 81% used [0x00000000361e0000,0x0000000036404060,0x0000000036480000)
  to   space 2688K, 0% used [0x0000000035f40000,0x0000000035f40000,0x00000000361e0000)
 PSOldGen        total 43392K, used 0K [0x000000000aa00000, 0x000000000d460000, 0x0000000034f60000)
  object space 43392K, 0% used [0x000000000aa00000,0x000000000aa00000,0x000000000d460000)
 PSPermGen       total 21248K, used 18996K [0x0000000005600000, 0x0000000006ac0000, 0x000000000aa00000)
  object space 21248K, 89% used [0x0000000005600000,0x000000000688d0f8,0x0000000006ac0000)

Dynamic libraries:
0x0000000000400000 - 0x000000000042e000 	C:\Program Files\Java\jdk\bin\java.exe
0x0000000077380000 - 0x0000000077529000 	C:\Windows\SYSTEM32\ntdll.dll
0x0000000077260000 - 0x000000007737f000 	C:\Windows\system32\kernel32.dll
0x000007fefd3c0000 - 0x000007fefd42b000 	C:\Windows\system32\KERNELBASE.dll
0x000007fefefb0000 - 0x000007feff08b000 	C:\Windows\system32\ADVAPI32.dll
0x000007fefe4e0000 - 0x000007fefe57f000 	C:\Windows\system32\msvcrt.dll
0x000007feff090000 - 0x000007feff0af000 	C:\Windows\SYSTEM32\sechost.dll
0x000007feff420000 - 0x000007feff54d000 	C:\Windows\system32\RPCRT4.dll
0x000000006d890000 - 0x000000006df61000 	C:\Program Files\Java\jdk\jre\bin\server\jvm.dll
0x0000000077160000 - 0x000000007725a000 	C:\Windows\system32\USER32.dll
0x000007feff620000 - 0x000007feff687000 	C:\Windows\system32\GDI32.dll
0x000007fefe4d0000 - 0x000007fefe4de000 	C:\Windows\system32\LPK.dll
0x000007feff550000 - 0x000007feff619000 	C:\Windows\system32\USP10.dll
0x000007fefaef0000 - 0x000007fefaf2b000 	C:\Windows\system32\WINMM.dll
0x000007fefeae0000 - 0x000007fefeb0e000 	C:\Windows\system32\IMM32.DLL
0x000007fefeb10000 - 0x000007fefec19000 	C:\Windows\system32\MSCTF.dll
0x000000006d800000 - 0x000000006d80e000 	C:\Program Files\Java\jdk\jre\bin\verify.dll
0x000000006d450000 - 0x000000006d477000 	C:\Program Files\Java\jdk\jre\bin\java.dll
0x000000006d3b0000 - 0x000000006d3ba000 	C:\Program Files\Java\jdk\jre\bin\hpi.dll
0x0000000077550000 - 0x0000000077557000 	C:\Windows\system32\PSAPI.DLL
0x000000006d850000 - 0x000000006d862000 	C:\Program Files\Java\jdk\jre\bin\zip.dll
0x000000006d0a0000 - 0x000000006d263000 	C:\Program Files\Java\jdk\jre\bin\awt.dll
0x000007fefb3c0000 - 0x000007fefb431000 	C:\Windows\system32\WINSPOOL.DRV
0x000007feff210000 - 0x000007feff413000 	C:\Windows\system32\ole32.dll
0x000007fefd740000 - 0x000007fefe4c8000 	C:\Windows\system32\SHELL32.dll
0x000007fefec20000 - 0x000007fefec91000 	C:\Windows\system32\SHLWAPI.dll
0x000007fefbea0000 - 0x000007fefc094000 	C:\Windows\WinSxS\amd64_microsoft.windows.common-controls_6595b64144ccf1df_6.0.7601.17514_none_fa396087175ac9ac\COMCTL32.dll
0x000007fefb890000 - 0x000007fefb8a8000 	C:\Windows\system32\DWMAPI.DLL
0x000007fefbcc0000 - 0x000007fefbd16000 	C:\Windows\system32\uxtheme.dll
0x000007fefd200000 - 0x000007fefd20f000 	C:\Windows\system32\CRYPTBASE.dll
0x000000006d340000 - 0x000000006d3a6000 	C:\Program Files\Java\jdk\jre\bin\fontmanager.dll
0x000007fefc390000 - 0x000007fefc39c000 	C:\Windows\system32\VERSION.dll
0x0000000074f40000 - 0x0000000074fd8000 	C:\Windows\system32\aticfx64.dll
0x000007fef3170000 - 0x000007fef317d000 	C:\Windows\system32\atiu9p64.dll
0x0000000062f30000 - 0x0000000063427000 	C:\Windows\system32\atiumd64.dll
0x0000000065610000 - 0x0000000065919000 	C:\Windows\system32\atiumd6a.dll
0x000000004b6b0000 - 0x000000004b715000 	C:\Program Files\WIDCOMM\Bluetooth Software\btmmhook.dll
0x000007feff0b0000 - 0x000007feff187000 	C:\Windows\system32\OLEAUT32.dll
0x000007fefea30000 - 0x000007fefeac9000 	C:\Windows\system32\CLBCatQ.DLL
0x000000006d6a0000 - 0x000000006d6b7000 	C:\Program Files\Java\jdk\jre\bin\net.dll
0x000007fefef00000 - 0x000007fefef4d000 	C:\Windows\system32\WS2_32.dll
0x000007fefead0000 - 0x000007fefead8000 	C:\Windows\system32\NSI.dll
0x000007fefcb40000 - 0x000007fefcb95000 	C:\Windows\system32\mswsock.dll
0x000007fefcb30000 - 0x000007fefcb37000 	C:\Windows\System32\wship6.dll
0x000000006d6c0000 - 0x000000006d6cb000 	C:\Program Files\Java\jdk\jre\bin\nio.dll
0x000007fefcba0000 - 0x000007fefcbb7000 	C:\Windows\system32\CRYPTSP.dll
0x000007fefc8a0000 - 0x000007fefc8e7000 	C:\Windows\system32\rsaenh.dll
0x000007fefc5d0000 - 0x000007fefc5ee000 	C:\Windows\system32\USERENV.dll
0x000007fefd2d0000 - 0x000007fefd2df000 	C:\Windows\system32\profapi.dll
0x000007fefae00000 - 0x000007fefae15000 	C:\Windows\system32\NLAapi.dll
0x000007fef5340000 - 0x000007fef5355000 	C:\Windows\system32\napinsp.dll
0x000007fef5320000 - 0x000007fef5339000 	C:\Windows\system32\pnrpnsp.dll
0x000007fef6180000 - 0x000007fef61ae000 	C:\Program Files\Common Files\Microsoft Shared\Windows Live\WLIDNSP.DLL
0x000007fef5310000 - 0x000007fef5320000 	C:\Windows\system32\wshbth.dll
0x000007fefc9c0000 - 0x000007fefca1b000 	C:\Windows\system32\DNSAPI.dll
0x000007fef5300000 - 0x000007fef530b000 	C:\Windows\System32\winrnr.dll
0x000007fefc4b0000 - 0x000007fefc4b7000 	C:\Windows\System32\wshtcpip.dll
0x000007fefa5a0000 - 0x000007fefa5c7000 	C:\Windows\system32\IPHLPAPI.DLL
0x000007fefa590000 - 0x000007fefa59b000 	C:\Windows\system32\WINNSI.DLL
0x000007fef5b50000 - 0x000007fef5b58000 	C:\Windows\system32\rasadhlp.dll
0x000007fefa430000 - 0x000007fefa483000 	C:\Windows\System32\fwpuclnt.dll
0x000000006d2b0000 - 0x000000006d2d8000 	C:\Program Files\Java\jdk\jre\bin\dcpr.dll
0x000007fefd210000 - 0x000007fefd224000 	C:\Windows\system32\RpcRtRemote.dll

VM Arguments:
jvm_args: -Dfile.encoding=UTF-8 
java_command: at.fhv.teamc.easydiet.controller.Main
Launcher Type: SUN_STANDARD

Environment Variables:
PATH=C:\Program Files (x86)\MiKTeX 2.9\miktex\bin;C:\Program Files\Common Files\Microsoft Shared\Windows Live;C:\Program Files (x86)\Common Files\Microsoft Shared\Windows Live;C:\Windows\system32;C:\Windows;C:\Windows\System32\Wbem;C:\Windows\System32\WindowsPowerShell\v1.0\;C:\Program Files (x86)\ATI Technologies\ATI.ACE\Core-Static;c:\Program Files (x86)\Microsoft SQL Server\100\Tools\Binn\;c:\Program Files\Microsoft SQL Server\100\Tools\Binn\;c:\Program Files\Microsoft SQL Server\100\DTS\Binn\;C:\Program Files (x86)\Quest Software\instantclient;C:\Program Files (x86)\Windows Live\Shared;C:\Program Files\WIDCOMM\Bluetooth Software\;C:\Program Files\WIDCOMM\Bluetooth Software\syswow64;C:\Program Files\SlikSvn\bin\;C:\Program Files\Java\jdk\bin;C:\Program Files\TortoiseSVN\bin
USERNAME=Michael
OS=Windows_NT
PROCESSOR_IDENTIFIER=Intel64 Family 6 Model 23 Stepping 10, GenuineIntel



---------------  S Y S T E M  ---------------

OS: Windows 7 Build 7601 Service Pack 1

CPU:total 2 (2 cores per cpu, 1 threads per core) family 6 model 23 stepping 10, cmov, cx8, fxsr, mmx, sse, sse2, sse3, ssse3, sse4.1

Memory: 4k page, physical 4158312k(1797296k free), swap 8314780k(5308408k free)

vm_info: Java HotSpot(TM) 64-Bit Server VM (17.1-b03) for windows-amd64 JRE (1.6.0_22-b04), built on Sep 15 2010 00:45:56 by "java_re" with MS VC++ 8.0 (VS2005)

time: Fri Apr 01 12:48:07 2011
elapsed time: 11 seconds

