#
# A fatal error has been detected by the Java Runtime Environment:
#
#  EXCEPTION_ACCESS_VIOLATION (0xc0000005) at pc=0x000000006dabfda1, pid=628, tid=3464
#
# JRE version: 6.0_22-b04
# Java VM: Java HotSpot(TM) 64-Bit Server VM (17.1-b03 mixed mode windows-amd64 )
# Problematic frame:
# V  [jvm.dll+0x22fda1]
#
# If you would like to submit a bug report, please visit:
#   http://java.sun.com/webapps/bugreport/crash.jsp
#

---------------  T H R E A D  ---------------

Current thread (0x000000004b66c800):  JavaThread "Java2D Disposer" daemon [_thread_in_vm, id=3464, stack(0x000000004bc10000,0x000000004bd10000)]

siginfo: ExceptionCode=0xc0000005, reading address 0x0000000000000011

Registers:
EAX=0x000000004bd0f178, EBX=0x000000000052cb28, ECX=0x0000000000000000, EDX=0x000000004b66c800
ESP=0x000000004bd0f0d0, EBP=0x0000000000000000, ESI=0x000000004ae2e810, EDI=0x000000004bd0f350
EIP=0x000000006dabfda1, EFLAGS=0x0000000000010203

Top of Stack: (sp=0x000000004bd0f0d0)
0x000000004bd0f0d0:   6a5f6176614a0000 000000006dcda3f8
0x000000004bd0f0e0:   665f726f73727543 49657a696c616e69
0x000000004bd0f0f0:   0000000034ee77c8 000000006d8f2cce
0x000000004bd0f100:   000000004ae2e810 000000000052ced0
0x000000004bd0f110:   000000000052cee0 000000000052d2b8
0x000000004bd0f120:   000000004bd0f160 000000000052cb18
0x000000004bd0f130:   0000000005567c68 000000006dcda36c
0x000000004bd0f140:   0000000000000021 000000000000000c
0x000000004bd0f150:   000000000052cb38 000000004bd0f350
0x000000004bd0f160:   000000004b66c9c8 000000006dcda678
0x000000004bd0f170:   0000000000000004 000000000052cb20
0x000000004bd0f180:   000000004bd0f228 000000006dc45d19
0x000000004bd0f190:   000000004bd0f228 000000006da060f1
0x000000004bd0f1a0:   000000000052cb00 000000000052cb30
0x000000004bd0f1b0:   000000004bd0f228 000000000052cb18
0x000000004bd0f1c0:   00000000003c9b90 000000006daa531a 

Instructions: (pc=0x000000006dabfda1)
0x000000006dabfd91:   00 00 4c 89 2c c8 ff 84 24 98 01 00 00 4c 8b 03
0x000000006dabfda1:   49 8b 40 10 4d 8b 40 18 0f b7 48 42 4d 8b 44 c8 


Stack: [0x000000004bc10000,0x000000004bd10000],  sp=0x000000004bd0f0d0,  free space=3fc0000000000000000k
Native frames: (J=compiled Java code, j=interpreted, Vv=VM code, C=native code)
V  [jvm.dll+0x22fda1]

[error occurred during error reporting (printing native stack), id 0xc0000005]

Java frames: (J=compiled Java code, j=interpreted, Vv=VM code)
j  java.awt.Cursor.finalizeImpl(J)V+0
j  java.awt.Cursor.access$000(J)V+1
j  java.awt.Cursor$CursorDisposer.dispose()V+13
j  sun.java2d.Disposer.run()V+26
j  java.lang.Thread.run()V+11
v  ~StubRoutines::call_stub

---------------  P R O C E S S  ---------------

Java Threads: ( => current thread )
  0x000000005203e800 JavaThread "Thread-1" daemon [_thread_in_native, id=2484, stack(0x00000000549f0000,0x0000000054af0000)]
  0x000000004b7e8000 JavaThread "Image Fetcher 2" daemon [_thread_blocked, id=2896, stack(0x00000000516c0000,0x00000000517c0000)]
  0x000000004af1e800 JavaThread "Image Fetcher 1" daemon [_thread_blocked, id=5372, stack(0x00000000515c0000,0x00000000516c0000)]
  0x000000004af1d800 JavaThread "Image Fetcher 0" daemon [_thread_blocked, id=4048, stack(0x0000000050c50000,0x0000000050d50000)]
  0x00000000003cc000 JavaThread "DestroyJavaVM" [_thread_blocked, id=5408, stack(0x0000000002460000,0x0000000002560000)]
  0x000000004b5f2800 JavaThread "D3D Screen Updater" daemon [_thread_in_vm, id=6004, stack(0x000000004ff50000,0x0000000050050000)]
  0x000000004b5f1000 JavaThread "Image Fetcher 3" daemon [_thread_blocked, id=5392, stack(0x000000004f430000,0x000000004f530000)]
  0x000000004af15000 JavaThread "AWT-EventQueue-0" [_thread_blocked, id=5736, stack(0x000000004f230000,0x000000004f330000)]
  0x000000004af19000 JavaThread "Timer-0" [_thread_blocked, id=5468, stack(0x000000004f130000,0x000000004f230000)]
  0x000000004b6a6000 JavaThread "AWT-Windows" daemon [_thread_in_native, id=5364, stack(0x000000004be10000,0x000000004bf10000)]
  0x000000004b6a5800 JavaThread "AWT-Shutdown" [_thread_blocked, id=992, stack(0x000000004bd10000,0x000000004be10000)]
=>0x000000004b66c800 JavaThread "Java2D Disposer" daemon [_thread_in_vm, id=3464, stack(0x000000004bc10000,0x000000004bd10000)]
  0x000000004ad7b800 JavaThread "Low Memory Detector" daemon [_thread_blocked, id=6268, stack(0x000000004b320000,0x000000004b420000)]
  0x000000004ad74800 JavaThread "CompilerThread1" daemon [_thread_blocked, id=1640, stack(0x000000004b220000,0x000000004b320000)]
  0x0000000000529000 JavaThread "CompilerThread0" daemon [_thread_blocked, id=6104, stack(0x000000004b120000,0x000000004b220000)]
  0x0000000000527800 JavaThread "Attach Listener" daemon [_thread_blocked, id=5732, stack(0x000000004b020000,0x000000004b120000)]
  0x000000004ad60800 JavaThread "Signal Dispatcher" daemon [_thread_blocked, id=1956, stack(0x000000004af20000,0x000000004b020000)]
  0x000000000050d800 JavaThread "Finalizer" daemon [_thread_blocked, id=7064, stack(0x000000004ac20000,0x000000004ad20000)]
  0x0000000000504800 JavaThread "Reference Handler" daemon [_thread_blocked, id=2688, stack(0x000000004ab20000,0x000000004ac20000)]

Other Threads:
  0x0000000000500800 VMThread [stack: 0x000000004aa20000,0x000000004ab20000] [id=6620]
  0x000000004ad84800 WatcherThread [stack: 0x000000004b420000,0x000000004b520000] [id=1720]

VM state:not at safepoint (normal execution)

VM Mutex/Monitor currently owned by a thread: None

Heap
 PSYoungGen      total 18944K, used 3062K [0x0000000034ec0000, 0x00000000363e0000, 0x000000004a160000)
  eden space 16256K, 2% used [0x0000000034ec0000,0x0000000034f21ab8,0x0000000035ea0000)
  from space 2688K, 99% used [0x0000000035ea0000,0x000000003613c060,0x0000000036140000)
  to   space 2688K, 0% used [0x0000000036140000,0x0000000036140000,0x00000000363e0000)
 PSOldGen        total 43392K, used 392K [0x000000000a960000, 0x000000000d3c0000, 0x0000000034ec0000)
  object space 43392K, 0% used [0x000000000a960000,0x000000000a9c2000,0x000000000d3c0000)
 PSPermGen       total 21248K, used 21095K [0x0000000005560000, 0x0000000006a20000, 0x000000000a960000)
  object space 21248K, 99% used [0x0000000005560000,0x00000000069f9ea8,0x0000000006a20000)

Dynamic libraries:
0x0000000000400000 - 0x000000000042e000 	C:\Program Files\Java\jdk\bin\java.exe
0x00000000770f0000 - 0x0000000077299000 	C:\Windows\SYSTEM32\ntdll.dll
0x0000000076ed0000 - 0x0000000076fef000 	C:\Windows\system32\kernel32.dll
0x000007fefd1d0000 - 0x000007fefd23b000 	C:\Windows\system32\KERNELBASE.dll
0x000007fefd670000 - 0x000007fefd74b000 	C:\Windows\system32\ADVAPI32.dll
0x000007fefd7c0000 - 0x000007fefd85f000 	C:\Windows\system32\msvcrt.dll
0x000007fefeb50000 - 0x000007fefeb6f000 	C:\Windows\SYSTEM32\sechost.dll
0x000007fefec40000 - 0x000007fefed6d000 	C:\Windows\system32\RPCRT4.dll
0x000000006d890000 - 0x000000006df61000 	C:\Program Files\Java\jdk\jre\bin\server\jvm.dll
0x0000000076ff0000 - 0x00000000770ea000 	C:\Windows\system32\USER32.dll
0x000007fefd750000 - 0x000007fefd7b7000 	C:\Windows\system32\GDI32.dll
0x000007fefeab0000 - 0x000007fefeabe000 	C:\Windows\system32\LPK.dll
0x000007fefeb70000 - 0x000007fefec39000 	C:\Windows\system32\USP10.dll
0x000007fefb140000 - 0x000007fefb17b000 	C:\Windows\system32\WINMM.dll
0x000007feff350000 - 0x000007feff37e000 	C:\Windows\system32\IMM32.DLL
0x000007feff1e0000 - 0x000007feff2e9000 	C:\Windows\system32\MSCTF.dll
0x000000006d800000 - 0x000000006d80e000 	C:\Program Files\Java\jdk\jre\bin\verify.dll
0x000000006d450000 - 0x000000006d477000 	C:\Program Files\Java\jdk\jre\bin\java.dll
0x000000006d3b0000 - 0x000000006d3ba000 	C:\Program Files\Java\jdk\jre\bin\hpi.dll
0x00000000772c0000 - 0x00000000772c7000 	C:\Windows\system32\PSAPI.DLL
0x000000006d850000 - 0x000000006d862000 	C:\Program Files\Java\jdk\jre\bin\zip.dll
0x000000006d0a0000 - 0x000000006d263000 	C:\Program Files\Java\jdk\jre\bin\awt.dll
0x000007fef9d20000 - 0x000007fef9d91000 	C:\Windows\system32\WINSPOOL.DRV
0x000007fefd990000 - 0x000007fefdb93000 	C:\Windows\system32\ole32.dll
0x000007fefdba0000 - 0x000007fefe928000 	C:\Windows\system32\SHELL32.dll
0x000007feff380000 - 0x000007feff3f1000 	C:\Windows\system32\SHLWAPI.dll
0x000007fefba40000 - 0x000007fefbc34000 	C:\Windows\WinSxS\amd64_microsoft.windows.common-controls_6595b64144ccf1df_6.0.7601.17514_none_fa396087175ac9ac\COMCTL32.dll
0x000007fefb270000 - 0x000007fefb288000 	C:\Windows\system32\DWMAPI.DLL
0x000007fefb860000 - 0x000007fefb8b6000 	C:\Windows\system32\uxtheme.dll
0x000007fefcf70000 - 0x000007fefcf7f000 	C:\Windows\system32\CRYPTBASE.dll
0x000000006d340000 - 0x000000006d3a6000 	C:\Program Files\Java\jdk\jre\bin\fontmanager.dll
0x000007fefc150000 - 0x000007fefc15c000 	C:\Windows\system32\VERSION.dll
0x0000000072010000 - 0x00000000720a8000 	C:\Windows\system32\aticfx64.dll
0x000007fefba30000 - 0x000007fefba3d000 	C:\Windows\system32\atiu9p64.dll
0x0000000052c20000 - 0x0000000053117000 	C:\Windows\system32\atiumd64.dll
0x0000000050eb0000 - 0x00000000511b9000 	C:\Windows\system32\atiumd6a.dll
0x000000004c5d0000 - 0x000000004c635000 	C:\Program Files\WIDCOMM\Bluetooth Software\btmmhook.dll
0x000007fefd860000 - 0x000007fefd937000 	C:\Windows\system32\OLEAUT32.dll
0x000007feff140000 - 0x000007feff1d9000 	C:\Windows\system32\CLBCatQ.DLL
0x000000006d6a0000 - 0x000000006d6b7000 	C:\Program Files\Java\jdk\jre\bin\net.dll
0x000007fefd940000 - 0x000007fefd98d000 	C:\Windows\system32\WS2_32.dll
0x000007fefeb40000 - 0x000007fefeb48000 	C:\Windows\system32\NSI.dll
0x000007fefc8b0000 - 0x000007fefc905000 	C:\Windows\system32\mswsock.dll
0x000007fefc8a0000 - 0x000007fefc8a7000 	C:\Windows\System32\wship6.dll
0x000000006d6c0000 - 0x000000006d6cb000 	C:\Program Files\Java\jdk\jre\bin\nio.dll
0x000007fefc910000 - 0x000007fefc927000 	C:\Windows\system32\CRYPTSP.dll
0x000007fefc610000 - 0x000007fefc657000 	C:\Windows\system32\rsaenh.dll
0x000007fefc340000 - 0x000007fefc35e000 	C:\Windows\system32\USERENV.dll
0x000007fefd040000 - 0x000007fefd04f000 	C:\Windows\system32\profapi.dll
0x000007fefafe0000 - 0x000007fefaff5000 	C:\Windows\system32\NLAapi.dll
0x000007feef6e0000 - 0x000007feef6f5000 	C:\Windows\system32\napinsp.dll
0x000007feef700000 - 0x000007feef719000 	C:\Windows\system32\pnrpnsp.dll
0x000007fef48a0000 - 0x000007fef48ce000 	C:\Program Files\Common Files\Microsoft Shared\Windows Live\WLIDNSP.DLL
0x000007fefa190000 - 0x000007fefa1a0000 	C:\Windows\system32\wshbth.dll
0x000007fefc730000 - 0x000007fefc78b000 	C:\Windows\system32\DNSAPI.dll
0x000007feef060000 - 0x000007feef06b000 	C:\Windows\System32\winrnr.dll
0x000007fefc220000 - 0x000007fefc227000 	C:\Windows\System32\wshtcpip.dll
0x000007fefacb0000 - 0x000007fefacd7000 	C:\Windows\system32\IPHLPAPI.DLL
0x000007fefac90000 - 0x000007fefac9b000 	C:\Windows\system32\WINNSI.DLL
0x000007fef4920000 - 0x000007fef4928000 	C:\Windows\system32\rasadhlp.dll
0x000007fefab20000 - 0x000007fefab73000 	C:\Windows\System32\fwpuclnt.dll
0x000000006d2b0000 - 0x000000006d2d8000 	C:\Program Files\Java\jdk\jre\bin\dcpr.dll
0x000007fefcf80000 - 0x000007fefcf94000 	C:\Windows\system32\RpcRtRemote.dll

VM Arguments:
jvm_args: -Dfile.encoding=UTF-8 
java_command: at.fhv.teamc.easydiet.controller.Main
Launcher Type: SUN_STANDARD

Environment Variables:
PATH=C:\Program Files\Common Files\Microsoft Shared\Windows Live;C:\Program Files (x86)\Common Files\Microsoft Shared\Windows Live;C:\Windows\system32;C:\Windows;C:\Windows\System32\Wbem;C:\Windows\System32\WindowsPowerShell\v1.0\;C:\Program Files (x86)\ATI Technologies\ATI.ACE\Core-Static;c:\Program Files (x86)\Microsoft SQL Server\100\Tools\Binn\;c:\Program Files\Microsoft SQL Server\100\Tools\Binn\;c:\Program Files\Microsoft SQL Server\100\DTS\Binn\;C:\Program Files (x86)\Quest Software\instantclient;C:\Program Files (x86)\Windows Live\Shared;C:\Program Files\WIDCOMM\Bluetooth Software\;C:\Program Files\WIDCOMM\Bluetooth Software\syswow64;C:\Program Files\SlikSvn\bin\;C:\Program Files\Java\jdk\bin;C:\Program Files\TortoiseSVN\bin
USERNAME=Michael
OS=Windows_NT
PROCESSOR_IDENTIFIER=Intel64 Family 6 Model 23 Stepping 10, GenuineIntel



---------------  S Y S T E M  ---------------

OS: Windows 7 Build 7601 Service Pack 1

CPU:total 2 (2 cores per cpu, 1 threads per core) family 6 model 23 stepping 10, cmov, cx8, fxsr, mmx, sse, sse2, sse3, ssse3, sse4.1

Memory: 4k page, physical 4158312k(1654236k free), swap 8314780k(5242008k free)

vm_info: Java HotSpot(TM) 64-Bit Server VM (17.1-b03) for windows-amd64 JRE (1.6.0_22-b04), built on Sep 15 2010 00:45:56 by "java_re" with MS VC++ 8.0 (VS2005)

time: Mon Apr 04 19:23:59 2011
elapsed time: 9 seconds

